mode: set
recything/features/user/service/service.go:18.92,22.2 1 1
recything/features/user/service/service.go:25.82,28.21 2 1
recything/features/user/service/service.go:28.21,30.3 1 1
recything/features/user/service/service.go:32.2,33.21 2 1
recything/features/user/service/service.go:33.21,35.3 1 1
recything/features/user/service/service.go:37.2,38.22 2 1
recything/features/user/service/service.go:38.22,40.3 1 1
recything/features/user/service/service.go:42.2,43.16 2 1
recything/features/user/service/service.go:43.16,45.3 1 1
recything/features/user/service/service.go:47.2,47.43 1 1
recything/features/user/service/service.go:47.43,49.3 1 1
recything/features/user/service/service.go:51.2,52.16 2 0
recything/features/user/service/service.go:52.16,54.3 1 0
recything/features/user/service/service.go:56.2,61.16 5 0
recything/features/user/service/service.go:61.16,63.3 1 0
recything/features/user/service/service.go:65.2,67.23 2 0
recything/features/user/service/service.go:71.88,74.21 2 1
recything/features/user/service/service.go:74.21,76.3 1 1
recything/features/user/service/service.go:78.2,79.21 2 1
recything/features/user/service/service.go:79.21,81.3 1 1
recything/features/user/service/service.go:83.2,84.21 2 1
recything/features/user/service/service.go:84.21,86.3 1 1
recything/features/user/service/service.go:88.2,88.26 1 1
recything/features/user/service/service.go:88.26,90.3 1 1
recything/features/user/service/service.go:92.2,93.18 2 1
recything/features/user/service/service.go:93.18,95.3 1 1
recything/features/user/service/service.go:97.2,98.16 2 1
recything/features/user/service/service.go:98.16,100.3 1 0
recything/features/user/service/service.go:101.2,101.29 1 1
recything/features/user/service/service.go:105.69,106.14 1 1
recything/features/user/service/service.go:106.14,108.3 1 1
recything/features/user/service/service.go:110.2,111.16 2 1
recything/features/user/service/service.go:111.16,113.3 1 0
recything/features/user/service/service.go:115.2,116.20 2 1
recything/features/user/service/service.go:116.20,118.22 2 0
recything/features/user/service/service.go:118.22,120.4 1 0
recything/features/user/service/service.go:123.2,124.16 2 1
recything/features/user/service/service.go:124.16,126.3 1 1
recything/features/user/service/service.go:127.2,127.22 1 1
recything/features/user/service/service.go:131.75,132.14 1 1
recything/features/user/service/service.go:132.14,134.3 1 1
recything/features/user/service/service.go:136.2,137.19 2 1
recything/features/user/service/service.go:137.19,139.3 1 1
recything/features/user/service/service.go:141.2,142.21 2 1
recything/features/user/service/service.go:142.21,144.3 1 1
recything/features/user/service/service.go:146.2,147.21 2 1
recything/features/user/service/service.go:147.21,149.3 1 1
recything/features/user/service/service.go:151.2,151.28 1 1
recything/features/user/service/service.go:151.28,152.81 1 1
recything/features/user/service/service.go:152.81,154.4 1 1
recything/features/user/service/service.go:157.2,158.16 2 1
recything/features/user/service/service.go:158.16,160.3 1 1
recything/features/user/service/service.go:162.2,162.12 1 1
recything/features/user/service/service.go:166.79,167.14 1 1
recything/features/user/service/service.go:167.14,169.3 1 1
recything/features/user/service/service.go:171.2,172.16 2 1
recything/features/user/service/service.go:172.16,174.3 1 1
recything/features/user/service/service.go:176.2,177.21 2 1
recything/features/user/service/service.go:177.21,179.3 1 1
recything/features/user/service/service.go:181.2,182.22 2 1
recything/features/user/service/service.go:182.22,184.3 1 1
recything/features/user/service/service.go:186.2,187.18 2 1
recything/features/user/service/service.go:187.18,189.3 1 1
recything/features/user/service/service.go:191.2,191.46 1 1
recything/features/user/service/service.go:191.46,193.3 1 1
recything/features/user/service/service.go:195.2,196.20 2 1
recything/features/user/service/service.go:196.20,198.3 1 0
recything/features/user/service/service.go:199.2,202.16 3 1
recything/features/user/service/service.go:202.16,204.3 1 0
recything/features/user/service/service.go:206.2,206.12 1 1
recything/features/user/service/service.go:210.63,211.17 1 1
recything/features/user/service/service.go:211.17,213.3 1 1
recything/features/user/service/service.go:215.2,216.16 2 1
recything/features/user/service/service.go:216.16,218.3 1 1
recything/features/user/service/service.go:220.2,220.21 1 1
recything/features/user/service/service.go:220.21,222.3 1 1
recything/features/user/service/service.go:224.2,225.16 2 1
recything/features/user/service/service.go:225.16,227.3 1 1
recything/features/user/service/service.go:229.2,229.19 1 1
recything/features/user/service/service.go:233.75,234.14 1 1
recything/features/user/service/service.go:234.14,236.3 1 1
recything/features/user/service/service.go:238.2,238.53 1 1
recything/features/user/service/service.go:242.56,245.21 2 1
recything/features/user/service/service.go:245.21,247.3 1 1
recything/features/user/service/service.go:249.2,250.21 2 1
recything/features/user/service/service.go:250.21,252.3 1 1
recything/features/user/service/service.go:254.2,255.24 2 1
recything/features/user/service/service.go:255.24,257.3 1 0
recything/features/user/service/service.go:259.2,262.20 3 1
recything/features/user/service/service.go:262.20,264.3 1 1
recything/features/user/service/service.go:266.2,266.34 1 0
recything/features/user/service/service.go:266.34,268.3 1 0
recything/features/user/service/service.go:270.2,271.12 2 0
recything/features/user/service/service.go:275.69,278.21 2 1
recything/features/user/service/service.go:278.21,280.3 1 1
recything/features/user/service/service.go:282.2,283.16 2 1
recything/features/user/service/service.go:283.16,285.3 1 1
recything/features/user/service/service.go:287.2,287.50 1 1
recything/features/user/service/service.go:287.50,289.3 1 1
recything/features/user/service/service.go:291.2,291.26 1 1
recything/features/user/service/service.go:291.26,293.3 1 1
recything/features/user/service/service.go:295.2,296.16 2 0
recything/features/user/service/service.go:296.16,298.3 1 0
recything/features/user/service/service.go:300.2,301.21 2 0
recything/features/user/service/service.go:301.21,303.3 1 0
recything/features/user/service/service.go:305.2,305.19 1 0
recything/features/user/service/service.go:309.79,312.21 2 1
recything/features/user/service/service.go:312.21,314.3 1 1
recything/features/user/service/service.go:316.2,317.21 2 1
recything/features/user/service/service.go:317.21,319.3 1 1
recything/features/user/service/service.go:321.2,322.22 2 1
recything/features/user/service/service.go:322.22,324.3 1 1
recything/features/user/service/service.go:326.2,326.43 1 1
recything/features/user/service/service.go:326.43,328.3 1 1
recything/features/user/service/service.go:330.2,331.20 2 1
recything/features/user/service/service.go:331.20,333.3 1 0
recything/features/user/service/service.go:334.2,337.19 3 1
recything/features/user/service/service.go:337.19,339.3 1 0
recything/features/user/service/service.go:341.2,341.12 1 1
recything/features/user/service/service.go:345.79,346.39 1 1
recything/features/user/service/service.go:346.39,348.3 1 1
recything/features/user/service/service.go:350.2,351.15 2 1
recything/features/user/service/service.go:351.15,353.3 1 1
recything/features/user/service/service.go:355.2,355.12 1 1
