mode: set
recything/features/drop-point/service/service.go:15.106,19.2 1 1
recything/features/drop-point/service/service.go:21.80,23.21 2 1
recything/features/drop-point/service/service.go:23.21,25.3 1 1
recything/features/drop-point/service/service.go:27.2,28.23 2 1
recything/features/drop-point/service/service.go:28.23,30.3 1 1
recything/features/drop-point/service/service.go:32.2,34.41 2 1
recything/features/drop-point/service/service.go:34.41,36.22 2 1
recything/features/drop-point/service/service.go:36.22,38.4 1 1
recything/features/drop-point/service/service.go:40.3,41.20 2 1
recything/features/drop-point/service/service.go:41.20,43.4 1 1
recything/features/drop-point/service/service.go:45.3,46.21 2 1
recything/features/drop-point/service/service.go:46.21,48.4 1 1
recything/features/drop-point/service/service.go:50.3,50.47 1 1
recything/features/drop-point/service/service.go:50.47,51.44 1 1
recything/features/drop-point/service/service.go:51.44,53.5 1 1
recything/features/drop-point/service/service.go:56.3,59.32 3 1
recything/features/drop-point/service/service.go:59.32,60.44 1 1
recything/features/drop-point/service/service.go:60.44,63.10 2 1
recything/features/drop-point/service/service.go:67.3,67.17 1 1
recything/features/drop-point/service/service.go:67.17,72.4 1 0
recything/features/drop-point/service/service.go:75.2,75.37 1 1
recything/features/drop-point/service/service.go:75.37,76.25 1 1
recything/features/drop-point/service/service.go:76.25,81.4 1 1
recything/features/drop-point/service/service.go:84.2,85.16 2 1
recything/features/drop-point/service/service.go:85.16,87.3 1 1
recything/features/drop-point/service/service.go:89.2,89.12 1 1
recything/features/drop-point/service/service.go:92.136,93.16 1 1
recything/features/drop-point/service/service.go:93.16,95.3 1 1
recything/features/drop-point/service/service.go:97.2,100.16 3 1
recything/features/drop-point/service/service.go:100.16,102.3 1 1
recything/features/drop-point/service/service.go:104.2,104.44 1 1
recything/features/drop-point/service/service.go:107.89,108.14 1 1
recything/features/drop-point/service/service.go:108.14,110.3 1 1
recything/features/drop-point/service/service.go:112.2,113.16 2 1
recything/features/drop-point/service/service.go:113.16,115.3 1 1
recything/features/drop-point/service/service.go:117.2,117.25 1 1
recything/features/drop-point/service/service.go:120.95,122.21 2 1
recything/features/drop-point/service/service.go:122.21,124.3 1 1
recything/features/drop-point/service/service.go:126.2,127.23 2 1
recything/features/drop-point/service/service.go:127.23,129.3 1 1
recything/features/drop-point/service/service.go:131.2,131.41 1 1
recything/features/drop-point/service/service.go:131.41,133.22 2 1
recything/features/drop-point/service/service.go:133.22,135.4 1 1
recything/features/drop-point/service/service.go:137.3,138.20 2 1
recything/features/drop-point/service/service.go:138.20,140.4 1 1
recything/features/drop-point/service/service.go:141.3,144.21 3 1
recything/features/drop-point/service/service.go:144.21,146.4 1 1
recything/features/drop-point/service/service.go:148.3,148.47 1 1
recything/features/drop-point/service/service.go:148.47,149.44 1 1
recything/features/drop-point/service/service.go:149.44,151.5 1 1
recything/features/drop-point/service/service.go:155.2,156.16 2 1
recything/features/drop-point/service/service.go:156.16,158.3 1 1
recything/features/drop-point/service/service.go:160.2,160.12 1 1
recything/features/drop-point/service/service.go:164.67,165.14 1 1
recything/features/drop-point/service/service.go:165.14,167.3 1 1
recything/features/drop-point/service/service.go:169.2,170.16 2 1
recything/features/drop-point/service/service.go:170.16,172.3 1 1
recything/features/drop-point/service/service.go:174.2,174.12 1 1
