mode: set
recything/features/trash_exchange/service/service.go:26.284,33.2 1 1
recything/features/trash_exchange/service/service.go:36.133,40.21 3 1
recything/features/trash_exchange/service/service.go:40.21,42.3 1 1
recything/features/trash_exchange/service/service.go:44.2,45.16 2 1
recything/features/trash_exchange/service/service.go:45.16,47.3 1 1
recything/features/trash_exchange/service/service.go:49.2,50.16 2 1
recything/features/trash_exchange/service/service.go:50.16,52.3 1 1
recything/features/trash_exchange/service/service.go:53.2,58.51 5 1
recything/features/trash_exchange/service/service.go:58.51,61.28 2 1
recything/features/trash_exchange/service/service.go:61.28,63.4 1 1
recything/features/trash_exchange/service/service.go:65.3,68.17 4 1
recything/features/trash_exchange/service/service.go:68.17,70.4 1 1
recything/features/trash_exchange/service/service.go:72.3,78.36 5 1
recything/features/trash_exchange/service/service.go:81.2,92.16 9 1
recything/features/trash_exchange/service/service.go:92.16,94.3 1 1
recything/features/trash_exchange/service/service.go:95.2,96.16 2 1
recything/features/trash_exchange/service/service.go:96.16,98.3 1 0
recything/features/trash_exchange/service/service.go:100.2,102.16 3 1
recything/features/trash_exchange/service/service.go:102.16,104.3 1 1
recything/features/trash_exchange/service/service.go:106.2,106.33 1 1
recything/features/trash_exchange/service/service.go:106.33,109.17 3 1
recything/features/trash_exchange/service/service.go:109.17,111.4 1 0
recything/features/trash_exchange/service/service.go:114.2,114.20 1 1
recything/features/trash_exchange/service/service.go:118.75,119.14 1 1
recything/features/trash_exchange/service/service.go:119.14,121.3 1 1
recything/features/trash_exchange/service/service.go:123.2,124.16 2 1
recything/features/trash_exchange/service/service.go:124.16,126.3 1 1
recything/features/trash_exchange/service/service.go:128.2,128.12 1 1
recything/features/trash_exchange/service/service.go:132.151,134.16 2 1
recything/features/trash_exchange/service/service.go:134.16,136.3 1 1
recything/features/trash_exchange/service/service.go:138.2,141.16 3 1
recything/features/trash_exchange/service/service.go:141.16,143.3 1 1
recything/features/trash_exchange/service/service.go:145.2,145.45 1 1
recything/features/trash_exchange/service/service.go:149.107,150.14 1 1
recything/features/trash_exchange/service/service.go:150.14,152.3 1 1
recything/features/trash_exchange/service/service.go:154.2,155.16 2 1
recything/features/trash_exchange/service/service.go:155.16,157.3 1 1
recything/features/trash_exchange/service/service.go:159.2,159.29 1 1
